2022-02-04 23:02:51 [main] INFO  c.o.m.k.d.t.t.k.s.TwitterToKafkaServiceApplication - Starting TwitterToKafkaServiceApplication using Java 1.8.0_302 on INTUL18be4e04e with PID 42977 (/Users/rsubhobroto/workspace/personnal/Kafka_Demo/twitter-to-kafka-service/target/classes started by rsubhobroto in /Users/rsubhobroto/workspace/personnal/Kafka_Demo)
2022-02-04 23:02:51 [main] INFO  c.o.m.k.d.t.t.k.s.TwitterToKafkaServiceApplication - No active profile set, falling back to default profiles: default
2022-02-04 23:02:53 [main] INFO  o.a.k.c.admin.AdminClientConfig - AdminClientConfig values: 
	bootstrap.servers = [localhost:19092, localhost:29092, localhost:39092]
	client.dns.lookup = use_all_dns_ips
	client.id = 
	connections.max.idle.ms = 300000
	default.api.timeout.ms = 60000
	metadata.max.age.ms = 300000
	metric.reporters = []
	metrics.num.samples = 2
	metrics.recording.level = INFO
	metrics.sample.window.ms = 30000
	receive.buffer.bytes = 65536
	reconnect.backoff.max.ms = 1000
	reconnect.backoff.ms = 50
	request.timeout.ms = 30000
	retries = 2147483647
	retry.backoff.ms = 100
	sasl.client.callback.handler.class = null
	sasl.jaas.config = null
	sasl.kerberos.kinit.cmd = /usr/bin/kinit
	sasl.kerberos.min.time.before.relogin = 60000
	sasl.kerberos.service.name = null
	sasl.kerberos.ticket.renew.jitter = 0.05
	sasl.kerberos.ticket.renew.window.factor = 0.8
	sasl.login.callback.handler.class = null
	sasl.login.class = null
	sasl.login.refresh.buffer.seconds = 300
	sasl.login.refresh.min.period.seconds = 60
	sasl.login.refresh.window.factor = 0.8
	sasl.login.refresh.window.jitter = 0.05
	sasl.mechanism = GSSAPI
	security.protocol = PLAINTEXT
	security.providers = null
	send.buffer.bytes = 131072
	socket.connection.setup.timeout.max.ms = 30000
	socket.connection.setup.timeout.ms = 10000
	ssl.cipher.suites = null
	ssl.enabled.protocols = [TLSv1.2]
	ssl.endpoint.identification.algorithm = https
	ssl.engine.factory.class = null
	ssl.key.password = null
	ssl.keymanager.algorithm = SunX509
	ssl.keystore.certificate.chain = null
	ssl.keystore.key = null
	ssl.keystore.location = null
	ssl.keystore.password = null
	ssl.keystore.type = JKS
	ssl.protocol = TLSv1.2
	ssl.provider = null
	ssl.secure.random.implementation = null
	ssl.trustmanager.algorithm = PKIX
	ssl.truststore.certificates = null
	ssl.truststore.location = null
	ssl.truststore.password = null
	ssl.truststore.type = JKS

2022-02-04 23:02:53 [main] INFO  o.a.kafka.common.utils.AppInfoParser - Kafka version: 3.0.0
2022-02-04 23:02:53 [main] INFO  o.a.kafka.common.utils.AppInfoParser - Kafka commitId: 8cb0a5e9d3441962
2022-02-04 23:02:53 [main] INFO  o.a.kafka.common.utils.AppInfoParser - Kafka startTimeMs: 1643995973488
2022-02-04 23:02:53 [kafka-admin-client-thread | adminclient-1] WARN  o.apache.kafka.clients.NetworkClient - [AdminClient clientId=adminclient-1] Connection to node -3 (localhost/127.0.0.1:39092) could not be established. Broker may not be available.
2022-02-04 23:02:54 [main] WARN  o.s.b.w.r.c.AnnotationConfigReactiveWebServerApplicationContext - Exception encountered during context initialization - cancelling refresh attempt: org.springframework.beans.factory.BeanCreationException: Error creating bean with name 'org.springframework.boot.autoconfigure.kafka.KafkaAnnotationDrivenConfiguration': Unexpected exception during bean creation; nested exception is java.lang.TypeNotPresentException: Type org.springframework.kafka.listener.CommonErrorHandler not present
2022-02-04 23:02:54 [kafka-admin-client-thread | adminclient-1] INFO  o.a.kafka.common.utils.AppInfoParser - App info kafka.admin.client for adminclient-1 unregistered
2022-02-04 23:02:54 [kafka-admin-client-thread | adminclient-1] INFO  o.a.kafka.common.metrics.Metrics - Metrics scheduler closed
2022-02-04 23:02:54 [kafka-admin-client-thread | adminclient-1] INFO  o.a.kafka.common.metrics.Metrics - Closing reporter org.apache.kafka.common.metrics.JmxReporter
2022-02-04 23:02:54 [kafka-admin-client-thread | adminclient-1] INFO  o.a.kafka.common.metrics.Metrics - Metrics reporters closed
2022-02-04 23:02:54 [main] INFO  c.o.m.k.d.p.c.s.i.TwitterKafkaProducer - Closing kafka producer!
2022-02-04 23:02:54 [main] INFO  o.s.b.a.l.ConditionEvaluationReportLoggingListener - 

Error starting ApplicationContext. To display the conditions report re-run your application with 'debug' enabled.
2022-02-04 23:02:54 [main] ERROR o.s.boot.SpringApplication - Application run failed
org.springframework.beans.factory.BeanCreationException: Error creating bean with name 'org.springframework.boot.autoconfigure.kafka.KafkaAnnotationDrivenConfiguration': Unexpected exception during bean creation; nested exception is java.lang.TypeNotPresentException: Type org.springframework.kafka.listener.CommonErrorHandler not present
	at org.springframework.beans.factory.support.AbstractAutowireCapableBeanFactory.createBean(AbstractAutowireCapableBeanFactory.java:555)
	at org.springframework.beans.factory.support.AbstractBeanFactory.lambda$doGetBean$0(AbstractBeanFactory.java:335)
	at org.springframework.beans.factory.support.DefaultSingletonBeanRegistry.getSingleton(DefaultSingletonBeanRegistry.java:234)
	at org.springframework.beans.factory.support.AbstractBeanFactory.doGetBean(AbstractBeanFactory.java:333)
	at org.springframework.beans.factory.support.AbstractBeanFactory.getBean(AbstractBeanFactory.java:208)
	at org.springframework.beans.factory.support.DefaultListableBeanFactory.preInstantiateSingletons(DefaultListableBeanFactory.java:953)
	at org.springframework.context.support.AbstractApplicationContext.finishBeanFactoryInitialization(AbstractApplicationContext.java:918)
	at org.springframework.context.support.AbstractApplicationContext.refresh(AbstractApplicationContext.java:583)
	at org.springframework.boot.web.reactive.context.ReactiveWebServerApplicationContext.refresh(ReactiveWebServerApplicationContext.java:64)
	at org.springframework.boot.SpringApplication.refresh(SpringApplication.java:732)
	at org.springframework.boot.SpringApplication.refreshContext(SpringApplication.java:414)
	at org.springframework.boot.SpringApplication.run(SpringApplication.java:302)
	at org.springframework.boot.SpringApplication.run(SpringApplication.java:1303)
	at org.springframework.boot.SpringApplication.run(SpringApplication.java:1292)
	at com.org.ms.kafka.demo.twitter.to.kafka.service.TwitterToKafkaServiceApplication.main(TwitterToKafkaServiceApplication.java:37)
Caused by: java.lang.TypeNotPresentException: Type org.springframework.kafka.listener.CommonErrorHandler not present
	at sun.reflect.generics.factory.CoreReflectionFactory.makeNamedType(CoreReflectionFactory.java:117)
	at sun.reflect.generics.visitor.Reifier.visitClassTypeSignature(Reifier.java:125)
	at sun.reflect.generics.tree.ClassTypeSignature.accept(ClassTypeSignature.java:49)
	at sun.reflect.generics.visitor.Reifier.reifyTypeArguments(Reifier.java:68)
	at sun.reflect.generics.visitor.Reifier.visitClassTypeSignature(Reifier.java:138)
	at sun.reflect.generics.tree.ClassTypeSignature.accept(ClassTypeSignature.java:49)
	at sun.reflect.generics.repository.ConstructorRepository.getParameterTypes(ConstructorRepository.java:94)
	at java.lang.reflect.Executable.getGenericParameterTypes(Executable.java:283)
	at java.lang.reflect.Constructor.getGenericParameterTypes(Constructor.java:234)
	at org.springframework.core.MethodParameter.getGenericParameterType(MethodParameter.java:513)
	at org.springframework.core.SerializableTypeWrapper$MethodParameterTypeProvider.getType(SerializableTypeWrapper.java:291)
	at org.springframework.core.SerializableTypeWrapper.forTypeProvider(SerializableTypeWrapper.java:107)
	at org.springframework.core.ResolvableType.forType(ResolvableType.java:1421)
	at org.springframework.core.ResolvableType.forMethodParameter(ResolvableType.java:1342)
	at org.springframework.core.ResolvableType.forMethodParameter(ResolvableType.java:1324)
	at org.springframework.core.ResolvableType.forMethodParameter(ResolvableType.java:1291)
	at org.springframework.beans.factory.config.DependencyDescriptor.getResolvableType(DependencyDescriptor.java:314)
	at org.springframework.beans.factory.support.GenericTypeAwareAutowireCandidateResolver.checkGenericTypeMatch(GenericTypeAwareAutowireCandidateResolver.java:77)
	at org.springframework.beans.factory.support.GenericTypeAwareAutowireCandidateResolver.isAutowireCandidate(GenericTypeAwareAutowireCandidateResolver.java:69)
	at org.springframework.beans.factory.annotation.QualifierAnnotationAutowireCandidateResolver.isAutowireCandidate(QualifierAnnotationAutowireCandidateResolver.java:146)
	at org.springframework.beans.factory.support.DefaultListableBeanFactory.isAutowireCandidate(DefaultListableBeanFactory.java:862)
	at org.springframework.beans.factory.support.DefaultListableBeanFactory.isAutowireCandidate(DefaultListableBeanFactory.java:821)
	at org.springframework.beans.factory.support.DefaultListableBeanFactory.isAutowireCandidate(DefaultListableBeanFactory.java:804)
	at org.springframework.beans.factory.support.DefaultListableBeanFactory.findAutowireCandidates(DefaultListableBeanFactory.java:1570)
	at org.springframework.beans.factory.support.DefaultListableBeanFactory.doResolveDependency(DefaultListableBeanFactory.java:1352)
	at org.springframework.beans.factory.support.DefaultListableBeanFactory.resolveDependency(DefaultListableBeanFactory.java:1309)
	at org.springframework.beans.factory.support.ConstructorResolver.resolveAutowiredArgument(ConstructorResolver.java:887)
	at org.springframework.beans.factory.support.ConstructorResolver.createArgumentArray(ConstructorResolver.java:791)
	at org.springframework.beans.factory.support.ConstructorResolver.autowireConstructor(ConstructorResolver.java:229)
	at org.springframework.beans.factory.support.AbstractAutowireCapableBeanFactory.autowireConstructor(AbstractAutowireCapableBeanFactory.java:1372)
	at org.springframework.beans.factory.support.AbstractAutowireCapableBeanFactory.createBeanInstance(AbstractAutowireCapableBeanFactory.java:1222)
	at org.springframework.beans.factory.support.AbstractAutowireCapableBeanFactory.doCreateBean(AbstractAutowireCapableBeanFactory.java:582)
	at org.springframework.beans.factory.support.AbstractAutowireCapableBeanFactory.createBean(AbstractAutowireCapableBeanFactory.java:542)
	... 14 common frames omitted
Caused by: java.lang.ClassNotFoundException: org.springframework.kafka.listener.CommonErrorHandler
	at java.net.URLClassLoader.findClass(URLClassLoader.java:382)
	at java.lang.ClassLoader.loadClass(ClassLoader.java:418)
	at sun.misc.Launcher$AppClassLoader.loadClass(Launcher.java:352)
	at java.lang.ClassLoader.loadClass(ClassLoader.java:351)
	at java.lang.Class.forName0(Native Method)
	at java.lang.Class.forName(Class.java:348)
	at sun.reflect.generics.factory.CoreReflectionFactory.makeNamedType(CoreReflectionFactory.java:114)
	... 46 common frames omitted
2022-02-04 23:15:49 [main] INFO  c.o.m.k.d.t.t.k.s.TwitterToKafkaServiceApplication - Starting TwitterToKafkaServiceApplication using Java 1.8.0_302 on INTUL18be4e04e with PID 43991 (/Users/rsubhobroto/workspace/personnal/Kafka_Demo/twitter-to-kafka-service/target/classes started by rsubhobroto in /Users/rsubhobroto/workspace/personnal/Kafka_Demo)
2022-02-04 23:15:49 [main] INFO  c.o.m.k.d.t.t.k.s.TwitterToKafkaServiceApplication - No active profile set, falling back to default profiles: default
2022-02-04 23:15:50 [main] INFO  o.a.k.c.admin.AdminClientConfig - AdminClientConfig values: 
	bootstrap.servers = [localhost:19092, localhost:29092, localhost:39092]
	client.dns.lookup = use_all_dns_ips
	client.id = 
	connections.max.idle.ms = 300000
	default.api.timeout.ms = 60000
	metadata.max.age.ms = 300000
	metric.reporters = []
	metrics.num.samples = 2
	metrics.recording.level = INFO
	metrics.sample.window.ms = 30000
	receive.buffer.bytes = 65536
	reconnect.backoff.max.ms = 1000
	reconnect.backoff.ms = 50
	request.timeout.ms = 30000
	retries = 2147483647
	retry.backoff.ms = 100
	sasl.client.callback.handler.class = null
	sasl.jaas.config = null
	sasl.kerberos.kinit.cmd = /usr/bin/kinit
	sasl.kerberos.min.time.before.relogin = 60000
	sasl.kerberos.service.name = null
	sasl.kerberos.ticket.renew.jitter = 0.05
	sasl.kerberos.ticket.renew.window.factor = 0.8
	sasl.login.callback.handler.class = null
	sasl.login.class = null
	sasl.login.refresh.buffer.seconds = 300
	sasl.login.refresh.min.period.seconds = 60
	sasl.login.refresh.window.factor = 0.8
	sasl.login.refresh.window.jitter = 0.05
	sasl.mechanism = GSSAPI
	security.protocol = PLAINTEXT
	security.providers = null
	send.buffer.bytes = 131072
	socket.connection.setup.timeout.max.ms = 30000
	socket.connection.setup.timeout.ms = 10000
	ssl.cipher.suites = null
	ssl.enabled.protocols = [TLSv1.2]
	ssl.endpoint.identification.algorithm = https
	ssl.engine.factory.class = null
	ssl.key.password = null
	ssl.keymanager.algorithm = SunX509
	ssl.keystore.certificate.chain = null
	ssl.keystore.key = null
	ssl.keystore.location = null
	ssl.keystore.password = null
	ssl.keystore.type = JKS
	ssl.protocol = TLSv1.2
	ssl.provider = null
	ssl.secure.random.implementation = null
	ssl.trustmanager.algorithm = PKIX
	ssl.truststore.certificates = null
	ssl.truststore.location = null
	ssl.truststore.password = null
	ssl.truststore.type = JKS

2022-02-04 23:15:50 [main] INFO  o.a.kafka.common.utils.AppInfoParser - Kafka version: 3.0.0
2022-02-04 23:15:50 [main] INFO  o.a.kafka.common.utils.AppInfoParser - Kafka commitId: 8cb0a5e9d3441962
2022-02-04 23:15:50 [main] INFO  o.a.kafka.common.utils.AppInfoParser - Kafka startTimeMs: 1643996750948
2022-02-04 23:15:50 [kafka-admin-client-thread | adminclient-1] WARN  o.apache.kafka.clients.NetworkClient - [AdminClient clientId=adminclient-1] Connection to node -3 (localhost/127.0.0.1:39092) could not be established. Broker may not be available.
2022-02-04 23:15:51 [main] INFO  o.s.b.w.e.netty.NettyWebServer - Netty started on port 8080
2022-02-04 23:15:51 [main] INFO  c.o.m.k.d.t.t.k.s.TwitterToKafkaServiceApplication - Started TwitterToKafkaServiceApplication in 2.793 seconds (JVM running for 3.346)
2022-02-04 23:16:00 [main] INFO  c.o.m.k.d.t.t.k.s.TwitterToKafkaServiceApplication - App starts...
2022-02-04 23:16:00 [main] INFO  c.o.m.k.d.a.client.KafkaAdminClient - Creating 1 topics(s), attempt 0
2022-02-04 23:16:00 [main] INFO  c.o.m.k.d.a.client.KafkaAdminClient - Create topic result [KafkaFuture{value=null,exception=null,done=false}]
2022-02-04 23:16:00 [main] INFO  c.o.m.k.d.a.client.KafkaAdminClient - Reading kafka topic [twitter-topic], attempt 0
2022-02-04 23:16:02 [main] INFO  c.o.m.k.d.a.client.KafkaAdminClient - Reading kafka topic [twitter-topic], attempt 0
2022-02-04 23:16:06 [main] INFO  c.o.m.k.d.a.client.KafkaAdminClient - Reading kafka topic [twitter-topic], attempt 0
2022-02-04 23:16:14 [main] INFO  c.o.m.k.d.a.client.KafkaAdminClient - Reading kafka topic [twitter-topic], attempt 0
2022-02-04 23:16:14 [main] INFO  o.s.b.a.l.ConditionEvaluationReportLoggingListener - 

Error starting ApplicationContext. To display the conditions report re-run your application with 'debug' enabled.
2022-02-04 23:16:14 [main] ERROR o.s.boot.SpringApplication - Application run failed
java.lang.IllegalStateException: Failed to execute CommandLineRunner
	at org.springframework.boot.SpringApplication.callRunner(SpringApplication.java:772)
	at org.springframework.boot.SpringApplication.callRunners(SpringApplication.java:753)
	at org.springframework.boot.SpringApplication.run(SpringApplication.java:309)
	at org.springframework.boot.SpringApplication.run(SpringApplication.java:1303)
	at org.springframework.boot.SpringApplication.run(SpringApplication.java:1292)
	at com.org.ms.kafka.demo.twitter.to.kafka.service.TwitterToKafkaServiceApplication.main(TwitterToKafkaServiceApplication.java:37)
Caused by: com.org.ms.kafka.demo.admin.exception.KafkaClientException: Reached max number of retry for reading kafka topic(s)!
	at com.org.ms.kafka.demo.admin.client.KafkaAdminClient.checkMaxRetry(KafkaAdminClient.java:118)
	at com.org.ms.kafka.demo.admin.client.KafkaAdminClient.checkTopicsCreated(KafkaAdminClient.java:74)
	at com.org.ms.kafka.demo.admin.client.KafkaAdminClient.createTopics(KafkaAdminClient.java:63)
	at com.org.ms.kafka.demo.twitter.to.kafka.service.init.impl.KafkaStreamInitializer.init(KafkaStreamInitializer.java:28)
	at com.org.ms.kafka.demo.twitter.to.kafka.service.TwitterToKafkaServiceApplication.run(TwitterToKafkaServiceApplication.java:44)
	at org.springframework.boot.SpringApplication.callRunner(SpringApplication.java:769)
	... 5 common frames omitted
2022-02-04 23:16:14 [kafka-admin-client-thread | adminclient-1] INFO  o.a.kafka.common.utils.AppInfoParser - App info kafka.admin.client for adminclient-1 unregistered
2022-02-04 23:16:14 [kafka-admin-client-thread | adminclient-1] INFO  o.a.kafka.common.metrics.Metrics - Metrics scheduler closed
2022-02-04 23:16:14 [kafka-admin-client-thread | adminclient-1] INFO  o.a.kafka.common.metrics.Metrics - Closing reporter org.apache.kafka.common.metrics.JmxReporter
2022-02-04 23:16:14 [kafka-admin-client-thread | adminclient-1] INFO  o.a.kafka.common.metrics.Metrics - Metrics reporters closed
2022-02-04 23:16:14 [main] INFO  c.o.m.k.d.p.c.s.i.TwitterKafkaProducer - Closing kafka producer!
2022-02-04 23:18:06 [main] INFO  c.o.m.k.d.t.t.k.s.TwitterToKafkaServiceApplication - Starting TwitterToKafkaServiceApplication using Java 1.8.0_302 on INTUL18be4e04e with PID 44167 (/Users/rsubhobroto/workspace/personnal/Kafka_Demo/twitter-to-kafka-service/target/classes started by rsubhobroto in /Users/rsubhobroto/workspace/personnal/Kafka_Demo)
2022-02-04 23:18:06 [main] INFO  c.o.m.k.d.t.t.k.s.TwitterToKafkaServiceApplication - No active profile set, falling back to default profiles: default
2022-02-04 23:18:08 [main] INFO  o.a.k.c.admin.AdminClientConfig - AdminClientConfig values: 
	bootstrap.servers = [localhost:19092, localhost:29092, localhost:39092]
	client.dns.lookup = use_all_dns_ips
	client.id = 
	connections.max.idle.ms = 300000
	default.api.timeout.ms = 60000
	metadata.max.age.ms = 300000
	metric.reporters = []
	metrics.num.samples = 2
	metrics.recording.level = INFO
	metrics.sample.window.ms = 30000
	receive.buffer.bytes = 65536
	reconnect.backoff.max.ms = 1000
	reconnect.backoff.ms = 50
	request.timeout.ms = 30000
	retries = 2147483647
	retry.backoff.ms = 100
	sasl.client.callback.handler.class = null
	sasl.jaas.config = null
	sasl.kerberos.kinit.cmd = /usr/bin/kinit
	sasl.kerberos.min.time.before.relogin = 60000
	sasl.kerberos.service.name = null
	sasl.kerberos.ticket.renew.jitter = 0.05
	sasl.kerberos.ticket.renew.window.factor = 0.8
	sasl.login.callback.handler.class = null
	sasl.login.class = null
	sasl.login.refresh.buffer.seconds = 300
	sasl.login.refresh.min.period.seconds = 60
	sasl.login.refresh.window.factor = 0.8
	sasl.login.refresh.window.jitter = 0.05
	sasl.mechanism = GSSAPI
	security.protocol = PLAINTEXT
	security.providers = null
	send.buffer.bytes = 131072
	socket.connection.setup.timeout.max.ms = 30000
	socket.connection.setup.timeout.ms = 10000
	ssl.cipher.suites = null
	ssl.enabled.protocols = [TLSv1.2]
	ssl.endpoint.identification.algorithm = https
	ssl.engine.factory.class = null
	ssl.key.password = null
	ssl.keymanager.algorithm = SunX509
	ssl.keystore.certificate.chain = null
	ssl.keystore.key = null
	ssl.keystore.location = null
	ssl.keystore.password = null
	ssl.keystore.type = JKS
	ssl.protocol = TLSv1.2
	ssl.provider = null
	ssl.secure.random.implementation = null
	ssl.trustmanager.algorithm = PKIX
	ssl.truststore.certificates = null
	ssl.truststore.location = null
	ssl.truststore.password = null
	ssl.truststore.type = JKS

2022-02-04 23:18:08 [main] INFO  o.a.kafka.common.utils.AppInfoParser - Kafka version: 3.0.0
2022-02-04 23:18:08 [main] INFO  o.a.kafka.common.utils.AppInfoParser - Kafka commitId: 8cb0a5e9d3441962
2022-02-04 23:18:08 [main] INFO  o.a.kafka.common.utils.AppInfoParser - Kafka startTimeMs: 1643996888168
2022-02-04 23:18:08 [main] INFO  o.s.b.w.e.netty.NettyWebServer - Netty started on port 8080
2022-02-04 23:18:08 [main] INFO  c.o.m.k.d.t.t.k.s.TwitterToKafkaServiceApplication - Started TwitterToKafkaServiceApplication in 2.514 seconds (JVM running for 3.056)
2022-02-04 23:18:13 [main] INFO  c.o.m.k.d.t.t.k.s.TwitterToKafkaServiceApplication - App starts...
2022-02-04 23:20:26 [main] INFO  c.o.m.k.d.a.client.KafkaAdminClient - Creating 1 topics(s), attempt 0
2022-02-04 23:20:44 [main] INFO  c.o.m.k.d.a.client.KafkaAdminClient - Create topic result [KafkaFuture{value=null,exception=null,done=false}]
2022-02-04 23:22:08 [main] INFO  c.o.m.k.d.a.client.KafkaAdminClient - Reading kafka topic [twitter-topic], attempt 0
